make all --print-data-base --no-builtin-variables --no-builtin-rules --question
# GNU Make 3.81
# Copyright (C) 2006  Free Software Foundation, Inc.
# This is free software; see the source for copying conditions.
# There is NO warranty; not even for MERCHANTABILITY or FITNESS FOR A
# PARTICULAR PURPOSE.

# This program built for i386-apple-darwin11.3.0

# Make data base, printed on Thu Aug 11 15:58:16 2022

# Variables

# automatic
<D = $(patsubst %/,%,$(dir $<))
# automatic
?F = $(notdir $?)
# automatic
?D = $(patsubst %/,%,$(dir $?))
# automatic
@D = $(patsubst %/,%,$(dir $@))
# automatic
@F = $(notdir $@)
# makefile
CURDIR := /Users/alexanderfarrell/Developer/Learning/sc
# makefile
SHELL = /bin/sh
# environment
VSCODE_NLS_CONFIG = {"locale":"en-us","availableLanguages":{},"_languagePackSupport":true}
# environment
_ = /usr/bin/make
# makefile (from `Makefile', line 1)
MAKEFILE_LIST :=  Makefile
# environment
VSCODE_CWD = /
# environment
Apple_PubSub_Socket_Render = /private/tmp/com.apple.launchd.8lTADTT98S/Render
# environment
PATH = /Library/Frameworks/Python.framework/Versions/3.9/bin:/Users/alexanderfarrell/.cargo/bin:/usr/bin:/bin:/usr/sbin:/sbin:/usr/local/bin:/Applications/VMware Fusion.app/Contents/Public:/usr/local/share/dotnet:~/.dotnet/tools:/usr/local/go/bin:/Library/Frameworks/Mono.framework/Versions/Current/Commands
# environment
ELECTRON_RUN_AS_NODE = 1
# makefile (from `Makefile', line 6)
INCLUDE_PATHS = -Iinclude
# default
.FEATURES := target-specific order-only second-expansion else-if archives jobserver check-symlink
# environment
SSH_AUTH_SOCK = /private/tmp/com.apple.launchd.wa0rTbspvp/Listeners
# automatic
%F = $(notdir $%)
# environment
PWD = /Users/alexanderfarrell/Developer/Learning/sc
# environment
ORIGINAL_XDG_CURRENT_DESKTOP = undefined
# makefile (from `Makefile', line 8)
LINKER_FLAGS = -lsdl2
# environment
VSCODE_AMD_ENTRYPOINT = vs/workbench/api/node/extensionHostProcess
# environment
HOME = /Users/alexanderfarrell
# default
MAKEFILEPATH = $(shell /usr/bin/xcode-select -print-path 2>/dev/null || echo /Developer)/Makefiles
# environment
VSCODE_CODE_CACHE_PATH = /Users/alexanderfarrell/Library/Application Support/Code/CachedData/6d9b74a70ca9c7733b29f0456fd8195364076dda
# environment
LOGNAME = alexanderfarrell
# environment
APPLICATION_INSIGHTS_NO_DIAGNOSTIC_CHANNEL = true
# environment
VSCODE_HANDLES_UNCAUGHT_ERRORS = true
# automatic
^D = $(patsubst %/,%,$(dir $^))
# environment
XPC_FLAGS = 0x0
# default
MAKE = $(MAKE_COMMAND)
# default
MAKECMDGOALS := all
# environment
SHLVL = 2
# makefile (from `Makefile', line 3)
CC = gcc
# makefile (from `Makefile', line 2)
BUILD_DIR = build
# default
MAKE_VERSION := 3.81
# environment
USER = alexanderfarrell
# makefile
.DEFAULT_GOAL := all
# automatic
%D = $(patsubst %/,%,$(dir $%))
# default
MAKE_COMMAND := /Library/Developer/CommandLineTools/usr/bin/make
# default
.VARIABLES := 
# environment
TMPDIR = /var/folders/xp/synrvn_j2t3b5z_r_2b9c8f40000gn/T/
# automatic
*F = $(notdir $*)
# environment
VSCODE_IPC_HOOK = /Users/alexanderfarrell/Library/Application Support/Code/1.70.1-main.sock
# environment
MallocNanoZone = 0
# makefile
MAKEFLAGS = Rrqp
# environment
MFLAGS = -Rrqp
# automatic
*D = $(patsubst %/,%,$(dir $*))
# environment
XPC_SERVICE_NAME = com.microsoft.VSCode.46044
# automatic
+D = $(patsubst %/,%,$(dir $+))
# automatic
+F = $(notdir $+)
# environment
__CF_USER_TEXT_ENCODING = 0x1F5:0x0:0x0
# default
MAKEFILES := 
# makefile (from `Makefile', line 1)
SRC_DIR = src
# automatic
<F = $(notdir $<)
# environment
LC_ALL = C
# makefile (from `Makefile', line 7)
LIBRARY_PATHS = -Llib
# automatic
^F = $(notdir $^)
# makefile (from `Makefile', line 4)
SRC_FILES = $(wildcard $(SRC_DIR)/*.c)
# default
SUFFIXES := 
# default
.INCLUDE_DIRS = /usr/include /usr/local/include /usr/include
# makefile (from `Makefile', line 5)
OBJ_NAME = play
# environment
MAKELEVEL := 0
# environment
LANG = C
# environment
VSCODE_PID = 3195
# variable set hash-table stats:
# Load=65/1024=6%, Rehash=0, Collisions=1/103=1%

# Pattern-specific Variable Values

# No pattern-specific variable values.

# Directories

# . (device 16777218, inode 42155510): 10 files, no impossibilities.
# src (device 16777218, inode 42155527): 7 files, no impossibilities.

# 17 files, no impossibilities in 2 directories.

# Implicit Rules

# No implicit rules.

# Files

all:
#  Command-line target.
#  Implicit rule search has not been done.
#  Implicit/static pattern stem: `'
#  File does not exist.
#  File has been updated.
#  Needs to be updated (-q is set).
# automatic
# @ := all
# automatic
# % := 
# automatic
# * := 
# automatic
# + := 
# automatic
# | := 
# automatic
# < := 
# automatic
# ^ := 
# automatic
# ? := 
# variable set hash-table stats:
# Load=8/32=25%, Rehash=0, Collisions=1/18=6%
#  commands to execute (from `Makefile', line 11):
	$(CC) $(LINKER_FLAGS) $(INCLUDE_PATHS) $(LIBRARY_PATHS) $(SRC_FILES) -o $(BUILD_DIR)/$(OBJ_NAME)
	

# Not a target:
.SUFFIXES:
#  Implicit rule search has not been done.
#  Modification time never checked.
#  File has not been updated.

# Not a target:
Makefile:
#  Implicit rule search has been done.
#  Last modified 2022-08-11 15:49:51
#  File has been updated.
#  Successfully updated.
# variable set hash-table stats:
# Load=0/32=0%, Rehash=0, Collisions=0/0=0%

# Not a target:
.DEFAULT:
#  Implicit rule search has not been done.
#  Modification time never checked.
#  File has not been updated.

# files hash-table stats:
# Load=4/1024=0%, Rehash=0, Collisions=0/18=0%
# VPATH Search Paths

# No `vpath' search paths.

# No general (`VPATH' variable) search path.

# # of strings in strcache: 1
# # of strcache buffers: 1
# strcache size: total = 4096 / max = 4096 / min = 4096 / avg = 4096
# strcache free: total = 4087 / max = 4087 / min = 4087 / avg = 4087

# Finished Make data base on Thu Aug 11 15:58:16 2022

 
